BandHeartRateApp/build/outputs/logs/manifest-merger-debug-report.txt
-- Merging decision tree log ---
manifest
ADDED from MicrosoftBandSDKandSamplesforAndroid/BandHeartRateApp/AndroidManifest.xml:2:1-35:12
	package
		ADDED from MicrosoftBandSDKandSamplesforAndroid/BandHeartRateApp/AndroidManifest.xml:3:5-47
	android:versionName
		ADDED from MicrosoftBandSDKandSamplesforAndroid/BandHeartRateApp/AndroidManifest.xml:5:5-30
		INJECTED from MicrosoftBandSDKandSamplesforAndroid/BandHeartRateApp/AndroidManifest.xml
		INJECTED from MicrosoftBandSDKandSamplesforAndroid/BandHeartRateApp/AndroidManifest.xml
	android:versionCode
		ADDED from MicrosoftBandSDKandSamplesforAndroid/BandHeartRateApp/AndroidManifest.xml:4:5-28
		INJECTED from MicrosoftBandSDKandSamplesforAndroid/BandHeartRateApp/AndroidManifest.xml
		INJECTED from MicrosoftBandSDKandSamplesforAndroid/BandHeartRateApp/AndroidManifest.xml
	xmlns:android
		ADDED from MicrosoftBandSDKandSamplesforAndroid/BandHeartRateApp/AndroidManifest.xml:2:11-69
uses-sdk
ADDED from MicrosoftBandSDKandSamplesforAndroid/BandHeartRateApp/AndroidManifest.xml:7:5-9:41
MERGED from [com.android.support:design:25.3.1] AndroidManifest.xml:21:5-23:62
MERGED from [com.android.support:appcompat-v7:25.3.1] AndroidManifest.xml:21:5-23:78
MERGED from [com.android.support:animated-vector-drawable:25.3.1] AndroidManifest.xml:20:5-44
MERGED from [com.android.support:support-vector-drawable:25.3.1] AndroidManifest.xml:20:5-43
MERGED from [com.android.support:recyclerview-v7:25.3.1] AndroidManifest.xml:20:5-43
MERGED from [com.android.support:transition:25.3.1] AndroidManifest.xml:20:5-44
MERGED from [com.android.support:support-v4:25.3.1] AndroidManifest.xml:21:5-23:54
MERGED from [com.android.support:support-fragment:25.3.1] AndroidManifest.xml:21:5-23:60
MERGED from [com.android.support:support-media-compat:25.3.1] AndroidManifest.xml:21:5-23:63
MERGED from [com.android.support:support-core-ui:25.3.1] AndroidManifest.xml:21:5-23:58
MERGED from [com.android.support:support-core-utils:25.3.1] AndroidManifest.xml:21:5-23:61
MERGED from [com.android.support:support-compat:25.3.1] AndroidManifest.xml:21:5-23:58
MERGED from [com.android.support:cardview-v7:25.3.1] AndroidManifest.xml:20:5-43
	tools:overrideLibrary
		ADDED from [com.android.support:design:25.3.1] AndroidManifest.xml:23:9-59
	android:targetSdkVersion
		ADDED from MicrosoftBandSDKandSamplesforAndroid/BandHeartRateApp/AndroidManifest.xml:9:9-38
	android:minSdkVersion
		ADDED from MicrosoftBandSDKandSamplesforAndroid/BandHeartRateApp/AndroidManifest.xml:8:9-35
uses-permission#android.permission.BLUETOOTH
ADDED from MicrosoftBandSDKandSamplesforAndroid/BandHeartRateApp/AndroidManifest.xml:11:5-68
	android:name
		ADDED from MicrosoftBandSDKandSamplesforAndroid/BandHeartRateApp/AndroidManifest.xml:11:22-65
uses-permission#com.microsoft.band.service.access.BIND_BAND_SERVICE
ADDED from MicrosoftBandSDKandSamplesforAndroid/BandHeartRateApp/AndroidManifest.xml:12:5-91
	android:name
		ADDED from MicrosoftBandSDKandSamplesforAndroid/BandHeartRateApp/AndroidManifest.xml:12:22-88
uses-permission#android.permission.INTERNET
ADDED from MicrosoftBandSDKandSamplesforAndroid/BandHeartRateApp/AndroidManifest.xml:13:5-67
	android:name
		ADDED from MicrosoftBandSDKandSamplesforAndroid/BandHeartRateApp/AndroidManifest.xml:13:22-64
uses-permission#android.permission.ACCESS_NETWORK_STATE
ADDED from MicrosoftBandSDKandSamplesforAndroid/BandHeartRateApp/AndroidManifest.xml:14:5-79
	android:name
		ADDED from MicrosoftBandSDKandSamplesforAndroid/BandHeartRateApp/AndroidManifest.xml:14:22-76
application
ADDED from MicrosoftBandSDKandSamplesforAndroid/BandHeartRateApp/AndroidManifest.xml:16:5-31:19
MERGED from [com.android.support:design:25.3.1] AndroidManifest.xml:29:5-20
MERGED from [com.android.support:appcompat-v7:25.3.1] AndroidManifest.xml:29:5-20
MERGED from [com.android.support:animated-vector-drawable:25.3.1] AndroidManifest.xml:26:5-20
MERGED from [com.android.support:support-vector-drawable:25.3.1] AndroidManifest.xml:26:5-20
MERGED from [com.android.support:transition:25.3.1] AndroidManifest.xml:26:5-20
MERGED from [com.android.support:support-v4:25.3.1] AndroidManifest.xml:29:5-20
MERGED from [com.android.support:support-fragment:25.3.1] AndroidManifest.xml:29:5-20
MERGED from [com.android.support:support-media-compat:25.3.1] AndroidManifest.xml:29:5-20
MERGED from [com.android.support:support-core-ui:25.3.1] AndroidManifest.xml:29:5-20
MERGED from [com.android.support:support-core-utils:25.3.1] AndroidManifest.xml:29:5-20
MERGED from [com.android.support:support-compat:25.3.1] AndroidManifest.xml:29:5-20
MERGED from [com.android.support:cardview-v7:25.3.1] AndroidManifest.xml:26:5-20
	android:label
		ADDED from MicrosoftBandSDKandSamplesforAndroid/BandHeartRateApp/AndroidManifest.xml:19:9-41
	android:allowBackup
		ADDED from MicrosoftBandSDKandSamplesforAndroid/BandHeartRateApp/AndroidManifest.xml:17:9-35
	android:icon
		ADDED from MicrosoftBandSDKandSamplesforAndroid/BandHeartRateApp/AndroidManifest.xml:18:9-45
	android:theme
		ADDED from MicrosoftBandSDKandSamplesforAndroid/BandHeartRateApp/AndroidManifest.xml:20:9-40
activity#com.microsoft.band.sdk.heartrate.BandHeartRateAppActivity
ADDED from MicrosoftBandSDKandSamplesforAndroid/BandHeartRateApp/AndroidManifest.xml:21:9-30:20
	android:screenOrientation
		ADDED from MicrosoftBandSDKandSamplesforAndroid/BandHeartRateApp/AndroidManifest.xml:23:13-49
	android:label
		ADDED from MicrosoftBandSDKandSamplesforAndroid/BandHeartRateApp/AndroidManifest.xml:24:13-45
	android:name
		ADDED from MicrosoftBandSDKandSamplesforAndroid/BandHeartRateApp/AndroidManifest.xml:22:13-85
intent-filter#android.intent.action.MAIN+android.intent.category.LAUNCHER
ADDED from MicrosoftBandSDKandSamplesforAndroid/BandHeartRateApp/AndroidManifest.xml:25:13-29:29
action#android.intent.action.MAIN
ADDED from MicrosoftBandSDKandSamplesforAndroid/BandHeartRateApp/AndroidManifest.xml:26:17-69
	android:name
		ADDED from MicrosoftBandSDKandSamplesforAndroid/BandHeartRateApp/AndroidManifest.xml:26:25-66
category#android.intent.category.LAUNCHER
ADDED from MicrosoftBandSDKandSamplesforAndroid/BandHeartRateApp/AndroidManifest.xml:28:17-77
	android:name
		ADDED from MicrosoftBandSDKandSamplesforAndroid/BandHeartRateApp/AndroidManifest.xml:28:27-74
meta-data#android.support.VERSION
ADDED from [com.android.support:design:25.3.1] AndroidManifest.xml:25:5-27:34
MERGED from [com.android.support:appcompat-v7:25.3.1] AndroidManifest.xml:25:5-27:34
MERGED from [com.android.support:animated-vector-drawable:25.3.1] AndroidManifest.xml:22:5-24:34
MERGED from [com.android.support:support-vector-drawable:25.3.1] AndroidManifest.xml:22:5-24:34
MERGED from [com.android.support:recyclerview-v7:25.3.1] AndroidManifest.xml:22:5-24:34
MERGED from [com.android.support:transition:25.3.1] AndroidManifest.xml:22:5-24:34
MERGED from [com.android.support:support-v4:25.3.1] AndroidManifest.xml:25:5-27:34
MERGED from [com.android.support:support-fragment:25.3.1] AndroidManifest.xml:25:5-27:34
MERGED from [com.android.support:support-media-compat:25.3.1] AndroidManifest.xml:25:5-27:34
MERGED from [com.android.support:support-core-ui:25.3.1] AndroidManifest.xml:25:5-27:34
MERGED from [com.android.support:support-core-utils:25.3.1] AndroidManifest.xml:25:5-27:34
MERGED from [com.android.support:support-compat:25.3.1] AndroidManifest.xml:25:5-27:34
MERGED from [com.android.support:cardview-v7:25.3.1] AndroidManifest.xml:22:5-24:34
	android:value
		ADDED from [com.android.support:design:25.3.1] AndroidManifest.xml:27:9-31
	android:name
		ADDED from [com.android.support:design:25.3.1] AndroidManifest.xml:26:9-47